<html>
<head>
<title>TestNG:  Command line test</title>
<link href="../testng.css" rel="stylesheet" type="text/css" />
<link href="../my-testng.css" rel="stylesheet" type="text/css" />

<style type="text/css">
.log { display: none;} 
.stack-trace { display: none;} 
</style>
<script type="text/javascript">
<!--
function flip(e) {
  current = e.style.display;
  if (current == 'block') {
    e.style.display = 'none';
    return 0;
  }
  else {
    e.style.display = 'block';
    return 1;
  }
}

function toggleBox(szDivId, elem, msg1, msg2)
{
  var res = -1;  if (document.getElementById) {
    res = flip(document.getElementById(szDivId));
  }
  else if (document.all) {
    // this is the way old msie versions work
    res = flip(document.all[szDivId]);
  }
  if(elem) {
    if(res == 0) elem.innerHTML = msg1; else elem.innerHTML = msg2;
  }

}

function toggleAllBoxes() {
  if (document.getElementsByTagName) {
    d = document.getElementsByTagName('div');
    for (i = 0; i < d.length; i++) {
      if (d[i].className == 'log') {
        flip(d[i]);
      }
    }
  }
}

// -->
</script>

</head>
<body>
<h2 align='center'>Command line test</h2><table border='1' align="center">
<tr>
<td>Tests passed/Failed/Skipped:</td><td>19/1/1</td>
</tr><tr>
<td>Started on:</td><td>Tue Dec 19 04:08:29 IST 2017</td>
</tr>
<tr><td>Total time:</td><td>0 seconds (256 ms)</td>
</tr><tr>
<td>Included groups:</td><td></td>
</tr><tr>
<td>Excluded groups:</td><td></td>
</tr>
</table><p/>
<small><i>(Hover the method name to see the test class name)</i></small><p/>
<table width='100%' border='1' class='invocation-failed'>
<tr><td colspan='4' align='center'><b>FAILED TESTS</b></td></tr>
<tr><td><b>Test method</b></td>
<td width="30%"><b>Exception</b></td>
<td width="10%"><b>Time (seconds)</b></td>
<td><b>Instance</b></td>
</tr>
<tr>
<td title='test.sagar.sample.sampleCodes.TestClass1.testClass1Method1()'><b>testClass1Method1</b><br>Test class: test.sagar.sample.sampleCodes.TestClass1</td>
<td><div><pre>org.testng.TestNGException: 
Parameter &apos;browser&apos; is required by @Test on method testClass1Method1 but has not been marked @Optional or defined

... Removed 33 stack frames</pre></div><a href='#' onClick='toggleBox("stack-trace38262958", this, "Click to show all stack frames", "Click to hide stack frames")'>Click to show all stack frames</a>
<div class='stack-trace' id='stack-trace38262958'><pre>org.testng.TestNGException: 
Parameter &apos;browser&apos; is required by @Test on method testClass1Method1 but has not been marked @Optional or defined

	at org.testng.internal.Parameters.createParameters(Parameters.java:199)
	at org.testng.internal.Parameters.createParameters(Parameters.java:443)
	at org.testng.internal.Parameters.handleParameters(Parameters.java:569)
	at org.testng.internal.Invoker.handleParameters(Invoker.java:1308)
	at org.testng.internal.Invoker.createParameters(Invoker.java:1036)
	at org.testng.internal.Invoker.invokeTestMethods(Invoker.java:1126)
	at org.testng.internal.TestMethodWorker.invokeTestMethods(TestMethodWorker.java:126)
	at org.testng.internal.TestMethodWorker.run(TestMethodWorker.java:109)
	at org.testng.TestRunner.privateRun(TestRunner.java:744)
	at org.testng.TestRunner.run(TestRunner.java:602)
	at org.testng.SuiteRunner.runTest(SuiteRunner.java:380)
	at org.testng.SuiteRunner.runSequentially(SuiteRunner.java:375)
	at org.testng.SuiteRunner.privateRun(SuiteRunner.java:340)
	at org.testng.SuiteRunner.run(SuiteRunner.java:289)
	at org.testng.SuiteRunnerWorker.runSuite(SuiteRunnerWorker.java:52)
	at org.testng.SuiteRunnerWorker.run(SuiteRunnerWorker.java:86)
	at org.testng.TestNG.runSuitesSequentially(TestNG.java:1301)
	at org.testng.TestNG.runSuitesLocally(TestNG.java:1226)
	at org.testng.TestNG.runSuites(TestNG.java:1144)
	at org.testng.TestNG.run(TestNG.java:1115)
	at org.apache.maven.surefire.testng.TestNGExecutor.run(TestNGExecutor.java:77)
	at org.apache.maven.surefire.testng.TestNGDirectoryTestSuite.executeMulti(TestNGDirectoryTestSuite.java:159)
	at org.apache.maven.surefire.testng.TestNGDirectoryTestSuite.execute(TestNGDirectoryTestSuite.java:99)
	at org.apache.maven.surefire.testng.TestNGProvider.invoke(TestNGProvider.java:106)
	at sun.reflect.NativeMethodAccessorImpl.invoke0(Native Method)
	at sun.reflect.NativeMethodAccessorImpl.invoke(NativeMethodAccessorImpl.java:62)
	at sun.reflect.DelegatingMethodAccessorImpl.invoke(DelegatingMethodAccessorImpl.java:43)
	at java.lang.reflect.Method.invoke(Method.java:498)
	at org.apache.maven.surefire.util.ReflectionUtils.invokeMethodWithArray(ReflectionUtils.java:189)
	at org.apache.maven.surefire.booter.ProviderFactory$ProviderProxy.invoke(ProviderFactory.java:165)
	at org.apache.maven.surefire.booter.ProviderFactory.invokeProvider(ProviderFactory.java:85)
	at org.apache.maven.surefire.booter.ForkedBooter.runSuitesInProcess(ForkedBooter.java:115)
	at org.apache.maven.surefire.booter.ForkedBooter.main(ForkedBooter.java:75)
</pre></div></td>
<td>0</td>
<td>test.sagar.sample.sampleCodes.TestClass1@3cda1055</td></tr>
</table><p>
<table width='100%' border='1' class='invocation-passed'>
<tr><td colspan='4' align='center'><b>PASSED TESTS</b></td></tr>
<tr><td><b>Test method</b></td>
<td width="30%"><b>Exception</b></td>
<td width="10%"><b>Time (seconds)</b></td>
<td><b>Instance</b></td>
</tr>
<tr>
<td title='test.PageObjectModel.SalesforceTest.init()'><b>init</b><br>Test class: test.PageObjectModel.SalesforceTest</td>
<td></td>
<td>0</td>
<td>test.PageObjectModel.SalesforceTest@668bc3d5</td></tr>
<tr>
<td title='test.sagar.sample.sampleCodes.testNgTest.test1()'><b>test1</b><br>Test class: test.sagar.sample.sampleCodes.testNgTest<br>Parameters: [Mango, Watermelon, Chikoo, Pineapple, Cherry], fruitList, 2</td>
<td></td>
<td>0</td>
<td>test.sagar.sample.sampleCodes.testNgTest@79b4d0f</td></tr>
<tr>
<td title='test.sagar.sample.sampleCodes.testNgTest.test1()'><b>test1</b><br>Test class: test.sagar.sample.sampleCodes.testNgTest<br>Parameters: [XUV500, Compass, TUV300, Swift, Nexon], carList, 5</td>
<td></td>
<td>0</td>
<td>test.sagar.sample.sampleCodes.testNgTest@79b4d0f</td></tr>
<tr>
<td title='test.sagar.sample.sampleCodes.TestClass1.testClass1Method2()'><b>testClass1Method2</b><br>Test class: test.sagar.sample.sampleCodes.TestClass1<br>Parameters: org.testng.TestRunner@20f5239f</td>
<td></td>
<td>0</td>
<td>test.sagar.sample.sampleCodes.TestClass1@3cda1055</td></tr>
<tr>
<td title='test.sagar.sample.sampleCodes.TestClass1.testClass1Method3()'><b>testClass1Method3</b><br>Test class: test.sagar.sample.sampleCodes.TestClass1</td>
<td></td>
<td>0</td>
<td>test.sagar.sample.sampleCodes.TestClass1@3cda1055</td></tr>
<tr>
<td title='test.sagar.sample.sampleCodes.TestClass1.testClass1Method4()'><b>testClass1Method4</b><br>Test class: test.sagar.sample.sampleCodes.TestClass1</td>
<td></td>
<td>0</td>
<td>test.sagar.sample.sampleCodes.TestClass1@3cda1055</td></tr>
<tr>
<td title='test.sagar.sample.sampleCodes.TestClass1.testClass1Method5()'><b>testClass1Method5</b><br>Test class: test.sagar.sample.sampleCodes.TestClass1</td>
<td></td>
<td>0</td>
<td>test.sagar.sample.sampleCodes.TestClass1@3cda1055</td></tr>
<tr>
<td title='test.sagar.sample.sampleCodes.TestClass2.testClass2Method1()'><b>testClass2Method1</b><br>Test class: test.sagar.sample.sampleCodes.TestClass2</td>
<td></td>
<td>0</td>
<td>test.sagar.sample.sampleCodes.TestClass2@7a5d012c</td></tr>
<tr>
<td title='test.sagar.sample.sampleCodes.TestClass2.testClass2Method2()'><b>testClass2Method2</b><br>Test class: test.sagar.sample.sampleCodes.TestClass2</td>
<td></td>
<td>0</td>
<td>test.sagar.sample.sampleCodes.TestClass2@7a5d012c</td></tr>
<tr>
<td title='test.sagar.sample.sampleCodes.TestClass2.testClass2Method2()'><b>testClass2Method2</b><br>Test class: test.sagar.sample.sampleCodes.TestClass2</td>
<td></td>
<td>0</td>
<td>test.sagar.sample.sampleCodes.TestClass2@7a5d012c</td></tr>
<tr>
<td title='test.sagar.sample.sampleCodes.TestClass2.testClass2Method2()'><b>testClass2Method2</b><br>Test class: test.sagar.sample.sampleCodes.TestClass2</td>
<td></td>
<td>0</td>
<td>test.sagar.sample.sampleCodes.TestClass2@7a5d012c</td></tr>
<tr>
<td title='test.sagar.sample.sampleCodes.TestClass2.testClass2Method2()'><b>testClass2Method2</b><br>Test class: test.sagar.sample.sampleCodes.TestClass2</td>
<td></td>
<td>0</td>
<td>test.sagar.sample.sampleCodes.TestClass2@7a5d012c</td></tr>
<tr>
<td title='test.sagar.sample.sampleCodes.TestClass2.testClass2Method2()'><b>testClass2Method2</b><br>Test class: test.sagar.sample.sampleCodes.TestClass2</td>
<td></td>
<td>0</td>
<td>test.sagar.sample.sampleCodes.TestClass2@7a5d012c</td></tr>
<tr>
<td title='test.sagar.sample.sampleCodes.TestClass2.testClass2Method2()'><b>testClass2Method2</b><br>Test class: test.sagar.sample.sampleCodes.TestClass2</td>
<td></td>
<td>0</td>
<td>test.sagar.sample.sampleCodes.TestClass2@7a5d012c</td></tr>
<tr>
<td title='test.sagar.sample.sampleCodes.TestClass2.testClass2Method2()'><b>testClass2Method2</b><br>Test class: test.sagar.sample.sampleCodes.TestClass2</td>
<td></td>
<td>0</td>
<td>test.sagar.sample.sampleCodes.TestClass2@7a5d012c</td></tr>
<tr>
<td title='test.sagar.sample.sampleCodes.TestClass2.testClass2Method2()'><b>testClass2Method2</b><br>Test class: test.sagar.sample.sampleCodes.TestClass2</td>
<td></td>
<td>0</td>
<td>test.sagar.sample.sampleCodes.TestClass2@7a5d012c</td></tr>
<tr>
<td title='test.sagar.sample.sampleCodes.TestClass2.testClass2Method2()'><b>testClass2Method2</b><br>Test class: test.sagar.sample.sampleCodes.TestClass2</td>
<td></td>
<td>0</td>
<td>test.sagar.sample.sampleCodes.TestClass2@7a5d012c</td></tr>
<tr>
<td title='test.sagar.sample.sampleCodes.TestClass2.testClass2Method2()'><b>testClass2Method2</b><br>Test class: test.sagar.sample.sampleCodes.TestClass2</td>
<td></td>
<td>0</td>
<td>test.sagar.sample.sampleCodes.TestClass2@7a5d012c</td></tr>
<tr>
<td title='test.sagar.sample.sampleCodes.TestClass2.testClass2Method4()'><b>testClass2Method4</b><br>Test class: test.sagar.sample.sampleCodes.TestClass2</td>
<td></td>
<td>0</td>
<td>test.sagar.sample.sampleCodes.TestClass2@7a5d012c</td></tr>
</table><p>
<table width='100%' border='1' class='invocation-skipped'>
<tr><td colspan='4' align='center'><b>SKIPPED TESTS</b></td></tr>
<tr><td><b>Test method</b></td>
<td width="30%"><b>Exception</b></td>
<td width="10%"><b>Time (seconds)</b></td>
<td><b>Instance</b></td>
</tr>
<tr>
<td title='test.sagar.sample.sampleCodes.TestClass2.testClass2Method5()'><b>testClass2Method5</b><br>Test class: test.sagar.sample.sampleCodes.TestClass2</td>
<td><div><pre>org.testng.SkipException: Skipping - This is not ready for testing 
	at test.sagar.sample.sampleCodes.TestClass2.testClass2Method5(TestClass2.java:46)
... Removed 35 stack frames</pre></div><a href='#' onClick='toggleBox("stack-trace1595282218", this, "Click to show all stack frames", "Click to hide stack frames")'>Click to show all stack frames</a>
<div class='stack-trace' id='stack-trace1595282218'><pre>org.testng.SkipException: Skipping - This is not ready for testing 
	at test.sagar.sample.sampleCodes.TestClass2.testClass2Method5(TestClass2.java:46)
	at sun.reflect.NativeMethodAccessorImpl.invoke0(Native Method)
	at sun.reflect.NativeMethodAccessorImpl.invoke(NativeMethodAccessorImpl.java:62)
	at sun.reflect.DelegatingMethodAccessorImpl.invoke(DelegatingMethodAccessorImpl.java:43)
	at java.lang.reflect.Method.invoke(Method.java:498)
	at org.testng.internal.MethodInvocationHelper.invokeMethod(MethodInvocationHelper.java:108)
	at org.testng.internal.Invoker.invokeMethod(Invoker.java:661)
	at org.testng.internal.Invoker.invokeTestMethod(Invoker.java:869)
	at org.testng.internal.Invoker.invokeTestMethods(Invoker.java:1193)
	at org.testng.internal.TestMethodWorker.invokeTestMethods(TestMethodWorker.java:126)
	at org.testng.internal.TestMethodWorker.run(TestMethodWorker.java:109)
	at org.testng.TestRunner.privateRun(TestRunner.java:744)
	at org.testng.TestRunner.run(TestRunner.java:602)
	at org.testng.SuiteRunner.runTest(SuiteRunner.java:380)
	at org.testng.SuiteRunner.runSequentially(SuiteRunner.java:375)
	at org.testng.SuiteRunner.privateRun(SuiteRunner.java:340)
	at org.testng.SuiteRunner.run(SuiteRunner.java:289)
	at org.testng.SuiteRunnerWorker.runSuite(SuiteRunnerWorker.java:52)
	at org.testng.SuiteRunnerWorker.run(SuiteRunnerWorker.java:86)
	at org.testng.TestNG.runSuitesSequentially(TestNG.java:1301)
	at org.testng.TestNG.runSuitesLocally(TestNG.java:1226)
	at org.testng.TestNG.runSuites(TestNG.java:1144)
	at org.testng.TestNG.run(TestNG.java:1115)
	at org.apache.maven.surefire.testng.TestNGExecutor.run(TestNGExecutor.java:77)
	at org.apache.maven.surefire.testng.TestNGDirectoryTestSuite.executeMulti(TestNGDirectoryTestSuite.java:159)
	at org.apache.maven.surefire.testng.TestNGDirectoryTestSuite.execute(TestNGDirectoryTestSuite.java:99)
	at org.apache.maven.surefire.testng.TestNGProvider.invoke(TestNGProvider.java:106)
	at sun.reflect.NativeMethodAccessorImpl.invoke0(Native Method)
	at sun.reflect.NativeMethodAccessorImpl.invoke(NativeMethodAccessorImpl.java:62)
	at sun.reflect.DelegatingMethodAccessorImpl.invoke(DelegatingMethodAccessorImpl.java:43)
	at java.lang.reflect.Method.invoke(Method.java:498)
	at org.apache.maven.surefire.util.ReflectionUtils.invokeMethodWithArray(ReflectionUtils.java:189)
	at org.apache.maven.surefire.booter.ProviderFactory$ProviderProxy.invoke(ProviderFactory.java:165)
	at org.apache.maven.surefire.booter.ProviderFactory.invokeProvider(ProviderFactory.java:85)
	at org.apache.maven.surefire.booter.ForkedBooter.runSuitesInProcess(ForkedBooter.java:115)
	at org.apache.maven.surefire.booter.ForkedBooter.main(ForkedBooter.java:75)
</pre></div></td>
<td>0</td>
<td>test.sagar.sample.sampleCodes.TestClass2@7a5d012c</td></tr>
</table><p>
</body>
</html>