<?xml version="1.0" encoding="UTF-8"?>
<!-- Generated by org.testng.reporters.JUnitXMLReporter -->
<testsuite hostname="DESKTOP-FB03BDO" ignored="3" name="Command line test" tests="21" failures="1" timestamp="18 Dec 2017 22:38:29 GMT" time="0.256" errors="0">
  <testcase name="testClass1Method3" time="0.001" classname="test.sagar.sample.sampleCodes.TestClass1"/>
  <testcase name="testClass1Method4" time="0.0" classname="test.sagar.sample.sampleCodes.TestClass1"/>
  <testcase name="testClass1Method5" time="0.0" classname="test.sagar.sample.sampleCodes.TestClass1"/>
  <testcase name="testClass2Method1" time="0.001" classname="test.sagar.sample.sampleCodes.TestClass2"/>
  <testcase name="testClass2Method2" time="0.002" classname="test.sagar.sample.sampleCodes.TestClass2"/>
  <testcase name="testClass2Method2" time="0.002" classname="test.sagar.sample.sampleCodes.TestClass2"/>
  <testcase name="testClass2Method2" time="0.001" classname="test.sagar.sample.sampleCodes.TestClass2"/>
  <testcase name="testClass2Method2" time="0.001" classname="test.sagar.sample.sampleCodes.TestClass2"/>
  <testcase name="testClass2Method2" time="0.001" classname="test.sagar.sample.sampleCodes.TestClass2"/>
  <testcase name="testClass2Method2" time="0.001" classname="test.sagar.sample.sampleCodes.TestClass2"/>
  <testcase name="testClass2Method2" time="0.0" classname="test.sagar.sample.sampleCodes.TestClass2"/>
  <testcase name="testClass2Method2" time="0.0" classname="test.sagar.sample.sampleCodes.TestClass2"/>
  <testcase name="testClass2Method2" time="0.0" classname="test.sagar.sample.sampleCodes.TestClass2"/>
  <testcase name="testClass2Method2" time="0.0" classname="test.sagar.sample.sampleCodes.TestClass2"/>
  <testcase name="testClass2Method4" time="0.0" classname="test.sagar.sample.sampleCodes.TestClass2"/>
  <testcase name="testClass2Method5" time="0.002" classname="test.sagar.sample.sampleCodes.TestClass2">
    <skipped/>
  </testcase> <!-- testClass2Method5 -->
  <testcase name="test1" time="0.001" classname="test.sagar.sample.sampleCodes.testNgTest"/>
  <testcase name="test1" time="0.0" classname="test.sagar.sample.sampleCodes.testNgTest"/>
  <testcase name="init" time="0.214" classname="test.PageObjectModel.SalesforceTest"/>
  <testcase name="testClass1Method2" time="0.001" classname="test.sagar.sample.sampleCodes.TestClass1"/>
  <testcase name="testClass1Method1" time="0.0" classname="test.sagar.sample.sampleCodes.TestClass1">
    <failure type="org.testng.TestNGException" message="
Parameter &amp;apos;browser&amp;apos; is required by @Test on method testClass1Method1 but has not been marked @Optional or defined
">
      <![CDATA[org.testng.TestNGException: 
Parameter 'browser' is required by @Test on method testClass1Method1 but has not been marked @Optional or defined

... Removed 33 stack frames]]>
    </failure>
  </testcase> <!-- testClass1Method1 -->
  <testcase name="@AfterSuite TeardownTest" time="0.0" classname="test.PageObjectModel.BaseTest">
    <ignored/>
  </testcase> <!-- @AfterSuite TeardownTest -->
  <testcase name="@BeforeSuite initialize" time="0.0" classname="test.PageObjectModel.BaseTest">
    <ignored/>
  </testcase> <!-- @BeforeSuite initialize -->
  <testcase name="testClass2Method3" time="0.0" classname="test.sagar.sample.sampleCodes.TestClass2">
    <ignored/>
  </testcase> <!-- testClass2Method3 -->
</testsuite> <!-- Command line test -->
